c:\users\fedr\source\repos\rowoffuckingfarray\rowoffuckingfarray\debug\vc142.pdb
c:\users\fedr\source\repos\rowoffuckingfarray\rowoffuckingfarray\debug\vc142.idb
c:\users\fedr\source\repos\rowoffuckingfarray\rowoffuckingfarray\debug\main.obj
c:\users\fedr\source\repos\rowoffuckingfarray\rowoffuckingfarray\debug\rowoffuckingfarray.obj
c:\users\fedr\source\repos\rowoffuckingfarray\rowoffuckingfarray\debug\list.obj
c:\users\fedr\source\repos\rowoffuckingfarray\rowoffuckingfarray\debug\rowofthefuckingfarray.obj
c:\users\fedr\source\repos\rowoffuckingfarray\debug\rowoffuckingfarray.pdb
c:\users\fedr\source\repos\rowoffuckingfarray\rowoffuckingfarray\debug\rowoffuc.5dd1dc8e.tlog\cl.command.1.tlog
c:\users\fedr\source\repos\rowoffuckingfarray\rowoffuckingfarray\debug\rowoffuc.5dd1dc8e.tlog\cl.read.1.tlog
c:\users\fedr\source\repos\rowoffuckingfarray\rowoffuckingfarray\debug\rowoffuc.5dd1dc8e.tlog\cl.write.1.tlog
c:\users\fedr\source\repos\rowoffuckingfarray\rowoffuckingfarray\debug\rowoffuc.5dd1dc8e.tlog\link-cvtres.read.1.tlog
c:\users\fedr\source\repos\rowoffuckingfarray\rowoffuckingfarray\debug\rowoffuc.5dd1dc8e.tlog\link-cvtres.write.1.tlog
c:\users\fedr\source\repos\rowoffuckingfarray\rowoffuckingfarray\debug\rowoffuc.5dd1dc8e.tlog\link-rc.read.1.tlog
c:\users\fedr\source\repos\rowoffuckingfarray\rowoffuckingfarray\debug\rowoffuc.5dd1dc8e.tlog\link-rc.write.1.tlog
c:\users\fedr\source\repos\rowoffuckingfarray\rowoffuckingfarray\debug\rowoffuc.5dd1dc8e.tlog\link.4900-cvtres.read.1.tlog
c:\users\fedr\source\repos\rowoffuckingfarray\rowoffuckingfarray\debug\rowoffuc.5dd1dc8e.tlog\link.4900-cvtres.write.1.tlog
c:\users\fedr\source\repos\rowoffuckingfarray\rowoffuckingfarray\debug\rowoffuc.5dd1dc8e.tlog\link.4900-rc.read.1.tlog
c:\users\fedr\source\repos\rowoffuckingfarray\rowoffuckingfarray\debug\rowoffuc.5dd1dc8e.tlog\link.4900-rc.write.1.tlog
c:\users\fedr\source\repos\rowoffuckingfarray\rowoffuckingfarray\debug\rowoffuc.5dd1dc8e.tlog\link.4900.read.1.tlog
c:\users\fedr\source\repos\rowoffuckingfarray\rowoffuckingfarray\debug\rowoffuc.5dd1dc8e.tlog\link.4900.write.1.tlog
c:\users\fedr\source\repos\rowoffuckingfarray\rowoffuckingfarray\debug\rowoffuc.5dd1dc8e.tlog\link.command.1.tlog
c:\users\fedr\source\repos\rowoffuckingfarray\rowoffuckingfarray\debug\rowoffuc.5dd1dc8e.tlog\link.read.1.tlog
c:\users\fedr\source\repos\rowoffuckingfarray\rowoffuckingfarray\debug\rowoffuc.5dd1dc8e.tlog\link.write.1.tlog
